<?xml version="1.0" encoding="UTF-8" ?>
<testsuite tests="30" failures="0" name="com.example.thing.CreatureTest" time="1.021" errors="0" skipped="0">
  <properties>
[...]
</properties>
  <testcase classname="com.example.thing.CreatureTest" name="moveByTest" time="0.001"/>
  <testcase classname="com.example.thing.CreatureTest" name="ifExistTest" time="0"/>
  <testcase classname="com.example.thing.CreatureTest" name="unSelectTest" time="0"/>
  <testcase classname="com.example.thing.CreatureTest" name="moveWithHandleTest" time="0"/>
  <testcase classname="com.example.thing.CreatureTest" name="getEnemyTeamTest" time="0"/>
  <testcase classname="com.example.thing.CreatureTest" name="selectTest" time="0"/>
  <testcase classname="com.example.thing.CreatureTest" name="moveToTest" time="0"/>
  <testcase classname="com.example.thing.CreatureTest" name="moveUpTest" time="0"/>
  <testcase classname="com.example.thing.CreatureTest" name="unChoose" time="0"/>
  <testcase classname="com.example.thing.CreatureTest" name="choose" time="0"/>
  <testcase classname="com.example.thing.CreatureTest" name="getMaxHPTest" time="0"/>
  <testcase classname="com.example.thing.CreatureTest" name="setyPosTest" time="0"/>
  <testcase classname="com.example.thing.CreatureTest" name="getATKTest" time="0"/>
  <testcase classname="com.example.thing.CreatureTest" name="getDefenceTest" time="0.001"/>
  <testcase classname="com.example.thing.CreatureTest" name="moveTest" time="0"/>
  <testcase classname="com.example.thing.CreatureTest" name="moveRightTest" time="0.001"/>
  <testcase classname="com.example.thing.CreatureTest" name="setHPTest" time="0"/>
  <testcase classname="com.example.thing.CreatureTest" name="moveReplayTest" time="0"/>
  <testcase classname="com.example.thing.CreatureTest" name="getTeamTest" time="0.001"/>
  <testcase classname="com.example.thing.CreatureTest" name="getHPTest" time="0"/>
  <testcase classname="com.example.thing.CreatureTest" name="beDeadTest" time="0"/>
  <testcase classname="com.example.thing.CreatureTest" name="setCodeTest" time="0"/>
  <testcase classname="com.example.thing.CreatureTest" name="moveDownTest" time="0.001"/>
  <testcase classname="com.example.thing.CreatureTest" name="getCodeTest" time="0"/>
  <testcase classname="com.example.thing.CreatureTest" name="ifSelectedTest" time="0"/>
  <testcase classname="com.example.thing.CreatureTest" name="moveLeftTest" time="0"/>
  <testcase classname="com.example.thing.CreatureTest" name="timeToAttackTest" time="1.016"/>
  <testcase classname="com.example.thing.CreatureTest" name="setxPosTest" time="0"/>
  <testcase classname="com.example.thing.CreatureTest" name="getXTest" time="0"/>
  <testcase classname="com.example.thing.CreatureTest" name="getYTest" time="0"/>
</testsuite>