<?xml version="1.0" encoding="UTF-8" ?>
<testsuite tests="5" failures="0" name="com.example.thing.BulletTest" time="0.006" errors="0" skipped="0">
  <properties>
[...]
</properties>
  <testcase classname="com.example.thing.BulletTest" name="testGetOwner" time="0"/>
  <testcase classname="com.example.thing.BulletTest" name="testBeAttacked" time="0"/>
  <testcase classname="com.example.thing.BulletTest" name="testAttack" time="0.003"/>
  <testcase classname="com.example.thing.BulletTest" name="testMoveDirect" time="0.002"/>
  <testcase classname="com.example.thing.BulletTest" name="testMoveWithHandle" time="0.001"/>
</testsuite>